Sat, 13 May 2023 13:24:43  DEBUG Failed checking if running in CYGWIN due to: FileNotFoundError(2, 'No such file or directory')
Sat, 13 May 2023 13:24:43  DEBUG git repository is invalid
Sat, 13 May 2023 13:24:44  DEBUG Starting new HTTPS connection (1): api.wandb.ai:443
Sat, 13 May 2023 13:24:45  DEBUG https://api.wandb.ai:443 "POST /graphql HTTP/1.1" 200 602
Sat, 13 May 2023 13:24:45  DEBUG Starting new HTTPS connection (1): api.wandb.ai:443
Sat, 13 May 2023 13:24:45  DEBUG https://api.wandb.ai:443 "POST /graphql HTTP/1.1" 200 333
Sat, 13 May 2023 13:24:50  INFO loadding data
Sat, 13 May 2023 13:24:50  INFO reading category information
Sat, 13 May 2023 13:25:04  INFO reading train data
Sat, 13 May 2023 13:25:11  INFO reading valid data
Sat, 13 May 2023 13:25:13  INFO reading test data
Sat, 13 May 2023 13:25:16  INFO get weight for each sample
Sat, 13 May 2023 13:25:46  DEBUG Starting new HTTPS connection (1): o151352.ingest.sentry.io:443
Sat, 13 May 2023 13:25:46  DEBUG https://o151352.ingest.sentry.io:443 "POST /api/5288891/envelope/ HTTP/1.1" 200 2
Sat, 13 May 2023 13:25:48  INFO train loss = 0.19682945311069489
Sat, 13 May 2023 13:26:29  INFO loss: 0.20355600118637085, Performance is better... saving the model
Sat, 13 May 2023 13:27:02  INFO train loss = 0.2018887996673584
Sat, 13 May 2023 13:27:40  INFO loss: 0.20163673162460327, Performance is better... saving the model
Sat, 13 May 2023 13:28:13  INFO train loss = 0.1994633674621582
Sat, 13 May 2023 13:28:53  INFO loss: 0.1992485374212265, Performance is better... saving the model
Sat, 13 May 2023 13:29:26  INFO train loss = 0.19690553843975067
Sat, 13 May 2023 13:30:07  INFO loss: 0.2000126838684082, EarlyStopping counter: 1 out of 10
Sat, 13 May 2023 13:30:40  INFO train loss = 0.19769972562789917
Sat, 13 May 2023 13:31:21  INFO loss: 0.19974209368228912, EarlyStopping counter: 2 out of 10
Sat, 13 May 2023 13:31:54  INFO train loss = 0.19733992218971252
Sat, 13 May 2023 13:32:34  INFO loss: 0.19884607195854187, Performance is better... saving the model
Sat, 13 May 2023 13:33:08  INFO train loss = 0.19636523723602295
Sat, 13 May 2023 13:33:48  INFO loss: 0.19871403276920319, Performance is better... saving the model
Sat, 13 May 2023 13:34:21  INFO train loss = 0.19626204669475555
Sat, 13 May 2023 13:35:00  INFO loss: 0.1988886594772339, EarlyStopping counter: 1 out of 10
Sat, 13 May 2023 13:35:29  INFO train loss = 0.19608792662620544
Sat, 13 May 2023 13:36:08  INFO loss: 0.19834332168102264, Performance is better... saving the model
Sat, 13 May 2023 13:36:42  INFO train loss = 0.1958184689283371
Sat, 13 May 2023 13:37:21  INFO loss: 0.1985030323266983, EarlyStopping counter: 1 out of 10
Sat, 13 May 2023 13:37:53  INFO train loss = 0.1958022564649582
Sat, 13 May 2023 13:38:32  INFO loss: 0.19846010208129883, EarlyStopping counter: 2 out of 10
Sat, 13 May 2023 13:39:05  INFO train loss = 0.19582974910736084
Sat, 13 May 2023 13:39:43  INFO loss: 0.19810368120670319, Performance is better... saving the model
Sat, 13 May 2023 13:40:17  INFO train loss = 0.19579416513442993
Sat, 13 May 2023 13:40:56  INFO loss: 0.19827629625797272, EarlyStopping counter: 1 out of 10
Sat, 13 May 2023 13:41:27  INFO train loss = 0.19542904198169708
Sat, 13 May 2023 13:42:08  INFO loss: 0.19829249382019043, EarlyStopping counter: 2 out of 10
Sat, 13 May 2023 13:42:42  INFO train loss = 0.1950901597738266
Sat, 13 May 2023 13:43:24  INFO loss: 0.1981959044933319, EarlyStopping counter: 3 out of 10
Sat, 13 May 2023 13:43:56  INFO train loss = 0.1951705813407898
Sat, 13 May 2023 13:44:37  INFO loss: 0.1980970948934555, Performance is better... saving the model
Sat, 13 May 2023 13:45:10  INFO train loss = 0.1949271857738495
Sat, 13 May 2023 13:45:48  INFO loss: 0.19762738049030304, Performance is better... saving the model
Sat, 13 May 2023 13:46:20  INFO train loss = 0.1944965124130249
Sat, 13 May 2023 13:46:58  INFO loss: 0.19733789563179016, Performance is better... saving the model
Sat, 13 May 2023 13:47:30  INFO train loss = 0.19418960809707642
Sat, 13 May 2023 13:48:08  INFO loss: 0.1972215473651886, Performance is better... saving the model
Sat, 13 May 2023 13:48:41  INFO train loss = 0.1935674399137497
Sat, 13 May 2023 13:49:21  INFO loss: 0.19673000276088715, Performance is better... saving the model
Sat, 13 May 2023 13:49:54  INFO train loss = 0.19273343682289124
Sat, 13 May 2023 13:50:33  INFO loss: 0.1961214691400528, Performance is better... saving the model
Sat, 13 May 2023 13:51:07  INFO train loss = 0.19174499809741974
Sat, 13 May 2023 13:51:46  INFO loss: 0.19526077806949615, Performance is better... saving the model
Sat, 13 May 2023 13:52:19  INFO train loss = 0.19087263941764832
Sat, 13 May 2023 13:52:57  INFO loss: 0.19493813812732697, Performance is better... saving the model
Sat, 13 May 2023 13:53:30  INFO train loss = 0.18974408507347107
Sat, 13 May 2023 13:54:08  INFO loss: 0.19376005232334137, Performance is better... saving the model
Sat, 13 May 2023 13:54:41  INFO train loss = 0.18870721757411957
Sat, 13 May 2023 13:55:20  INFO loss: 0.19327101111412048, Performance is better... saving the model
Sat, 13 May 2023 13:55:52  INFO train loss = 0.1876317262649536
Sat, 13 May 2023 13:56:29  INFO loss: 0.19284096360206604, Performance is better... saving the model
Sat, 13 May 2023 13:57:00  INFO train loss = 0.18665769696235657
Sat, 13 May 2023 13:57:35  INFO loss: 0.19234539568424225, Performance is better... saving the model
Sat, 13 May 2023 13:58:05  INFO train loss = 0.18570953607559204
Sat, 13 May 2023 13:58:42  INFO loss: 0.19205351173877716, Performance is better... saving the model
Sat, 13 May 2023 13:59:12  INFO train loss = 0.18545345962047577
Sat, 13 May 2023 13:59:50  INFO loss: 0.19314692914485931, EarlyStopping counter: 1 out of 10
Sat, 13 May 2023 14:00:21  INFO train loss = 0.1856720745563507
Sat, 13 May 2023 14:01:01  INFO loss: 0.19505244493484497, EarlyStopping counter: 2 out of 10
Sat, 13 May 2023 14:01:33  INFO train loss = 0.18728163838386536
Sat, 13 May 2023 14:02:11  INFO loss: 0.19353021681308746, EarlyStopping counter: 3 out of 10
Sat, 13 May 2023 14:02:43  INFO train loss = 0.18527185916900635
Sat, 13 May 2023 14:03:23  INFO loss: 0.19282649457454681, EarlyStopping counter: 4 out of 10
Sat, 13 May 2023 14:03:55  INFO train loss = 0.18459509313106537
Sat, 13 May 2023 14:04:35  INFO loss: 0.19181185960769653, Performance is better... saving the model
Sat, 13 May 2023 14:05:06  INFO train loss = 0.1827138364315033
Sat, 13 May 2023 14:05:45  INFO loss: 0.19245880842208862, EarlyStopping counter: 1 out of 10
Sat, 13 May 2023 14:06:17  INFO train loss = 0.18347375094890594
Sat, 13 May 2023 14:06:56  INFO loss: 0.19104579091072083, Performance is better... saving the model
Sat, 13 May 2023 14:07:29  INFO train loss = 0.1821012943983078
Sat, 13 May 2023 14:08:07  INFO loss: 0.19007396697998047, Performance is better... saving the model
Sat, 13 May 2023 14:08:41  INFO train loss = 0.18118131160736084
Sat, 13 May 2023 14:09:19  INFO loss: 0.1906507909297943, EarlyStopping counter: 1 out of 10
Sat, 13 May 2023 14:09:50  INFO train loss = 0.1813500076532364
Sat, 13 May 2023 14:10:29  INFO loss: 0.19041171669960022, EarlyStopping counter: 2 out of 10
Sat, 13 May 2023 14:11:01  INFO train loss = 0.18103404343128204
Sat, 13 May 2023 14:11:41  INFO loss: 0.18958084285259247, Performance is better... saving the model
Sat, 13 May 2023 14:12:16  INFO train loss = 0.18023602664470673
Sat, 13 May 2023 14:12:54  INFO loss: 0.1892002373933792, Performance is better... saving the model
Sat, 13 May 2023 14:13:26  INFO train loss = 0.17931367456912994
Sat, 13 May 2023 14:14:06  INFO loss: 0.18893738090991974, Performance is better... saving the model
Sat, 13 May 2023 14:14:39  INFO train loss = 0.1790182739496231
Sat, 13 May 2023 14:15:19  INFO loss: 0.18878057599067688, Performance is better... saving the model
Sat, 13 May 2023 14:15:51  INFO train loss = 0.17877919971942902
Sat, 13 May 2023 14:16:29  INFO loss: 0.18789337575435638, Performance is better... saving the model
Sat, 13 May 2023 14:17:02  INFO train loss = 0.17737066745758057
Sat, 13 May 2023 14:17:41  INFO loss: 0.18738433718681335, Performance is better... saving the model
Sat, 13 May 2023 14:18:15  INFO train loss = 0.17678102850914001
Sat, 13 May 2023 14:18:55  INFO loss: 0.18692386150360107, Performance is better... saving the model
Sat, 13 May 2023 14:19:28  INFO train loss = 0.17634129524230957
Sat, 13 May 2023 14:20:10  INFO loss: 0.18650312721729279, Performance is better... saving the model
Sat, 13 May 2023 14:20:43  INFO train loss = 0.17540112137794495
Sat, 13 May 2023 14:21:25  INFO loss: 0.18557462096214294, Performance is better... saving the model
Sat, 13 May 2023 14:22:00  INFO train loss = 0.1740780621767044
Sat, 13 May 2023 14:22:43  INFO loss: 0.18519559502601624, Performance is better... saving the model
Sat, 13 May 2023 14:23:19  INFO train loss = 0.17344969511032104
Sat, 13 May 2023 14:24:01  INFO loss: 0.18448567390441895, Performance is better... saving the model
Sat, 13 May 2023 14:24:37  INFO train loss = 0.172604501247406
