Sun, 14 May 2023 20:34:18  DEBUG Failed checking if running in CYGWIN due to: FileNotFoundError(2, 'No such file or directory')
Sun, 14 May 2023 20:34:18  DEBUG git repository is invalid
Sun, 14 May 2023 20:34:19  DEBUG Starting new HTTPS connection (1): api.wandb.ai:443
Sun, 14 May 2023 20:34:19  DEBUG https://api.wandb.ai:443 "POST /graphql HTTP/1.1" 200 602
Sun, 14 May 2023 20:34:19  DEBUG Starting new HTTPS connection (1): api.wandb.ai:443
Sun, 14 May 2023 20:34:20  DEBUG https://api.wandb.ai:443 "POST /graphql HTTP/1.1" 200 333
Sun, 14 May 2023 20:34:25  INFO loadding data
Sun, 14 May 2023 20:34:25  INFO reading category information
Sun, 14 May 2023 20:34:38  INFO reading train data
Sun, 14 May 2023 20:34:45  INFO reading valid data
Sun, 14 May 2023 20:34:48  INFO reading test data
Sun, 14 May 2023 20:34:50  INFO get weight for each sample
Sun, 14 May 2023 20:34:56  INFO train loss = 0.3392277657985687
Sun, 14 May 2023 20:35:02  INFO loss: 0.37952178716659546, Performance is better... saving the model
Sun, 14 May 2023 20:35:06  INFO train loss = 0.3034765124320984
Sun, 14 May 2023 20:35:12  INFO loss: 0.35377445816993713, Performance is better... saving the model
Sun, 14 May 2023 20:35:16  INFO train loss = 0.27119410037994385
Sun, 14 May 2023 20:35:21  DEBUG Starting new HTTPS connection (1): o151352.ingest.sentry.io:443
Sun, 14 May 2023 20:35:21  DEBUG https://o151352.ingest.sentry.io:443 "POST /api/5288891/envelope/ HTTP/1.1" 200 2
Sun, 14 May 2023 20:35:22  INFO loss: 0.33304542303085327, Performance is better... saving the model
Sun, 14 May 2023 20:35:27  INFO train loss = 0.24722635746002197
Sun, 14 May 2023 20:35:33  INFO loss: 0.31948864459991455, Performance is better... saving the model
Sun, 14 May 2023 20:35:37  INFO train loss = 0.23001855611801147
Sun, 14 May 2023 20:35:43  INFO loss: 0.30618318915367126, Performance is better... saving the model
Sun, 14 May 2023 20:35:47  INFO train loss = 0.2158978432416916
Sun, 14 May 2023 20:35:53  INFO loss: 0.29561156034469604, Performance is better... saving the model
Sun, 14 May 2023 20:35:57  INFO train loss = 0.20387272536754608
Sun, 14 May 2023 20:36:03  INFO loss: 0.2868746519088745, Performance is better... saving the model
Sun, 14 May 2023 20:36:07  INFO train loss = 0.1937810182571411
Sun, 14 May 2023 20:36:12  INFO loss: 0.2762647271156311, Performance is better... saving the model
Sun, 14 May 2023 20:36:16  INFO train loss = 0.18525050580501556
Sun, 14 May 2023 20:36:22  INFO loss: 0.269888699054718, Performance is better... saving the model
Sun, 14 May 2023 20:36:27  INFO train loss = 0.17742778360843658
Sun, 14 May 2023 20:36:33  INFO loss: 0.26194822788238525, Performance is better... saving the model
Sun, 14 May 2023 20:36:36  INFO train loss = 0.17086803913116455
Sun, 14 May 2023 20:36:42  INFO loss: 0.2544839680194855, Performance is better... saving the model
Sun, 14 May 2023 20:36:46  INFO train loss = 0.1651231348514557
Sun, 14 May 2023 20:36:52  INFO loss: 0.24845604598522186, Performance is better... saving the model
Sun, 14 May 2023 20:36:57  INFO train loss = 0.1596987545490265
Sun, 14 May 2023 20:37:03  INFO loss: 0.24226243793964386, Performance is better... saving the model
Sun, 14 May 2023 20:37:07  INFO train loss = 0.1549924612045288
Sun, 14 May 2023 20:37:13  INFO loss: 0.23681606352329254, Performance is better... saving the model
Sun, 14 May 2023 20:37:17  INFO train loss = 0.15085870027542114
Sun, 14 May 2023 20:37:23  INFO loss: 0.23143763840198517, Performance is better... saving the model
Sun, 14 May 2023 20:37:27  INFO train loss = 0.14699892699718475
Sun, 14 May 2023 20:37:33  INFO loss: 0.22746701538562775, Performance is better... saving the model
Sun, 14 May 2023 20:37:37  INFO train loss = 0.14358001947402954
Sun, 14 May 2023 20:37:43  INFO loss: 0.2236374467611313, Performance is better... saving the model
Sun, 14 May 2023 20:37:46  INFO train loss = 0.14034529030323029
Sun, 14 May 2023 20:37:52  INFO loss: 0.21946817636489868, Performance is better... saving the model
Sun, 14 May 2023 20:37:56  INFO train loss = 0.13744257390499115
Sun, 14 May 2023 20:38:02  INFO loss: 0.2159457504749298, Performance is better... saving the model
Sun, 14 May 2023 20:38:06  INFO train loss = 0.1347832828760147
Sun, 14 May 2023 20:38:12  INFO loss: 0.21219360828399658, Performance is better... saving the model
Sun, 14 May 2023 20:38:17  INFO train loss = 0.13231328129768372
Sun, 14 May 2023 20:38:23  INFO loss: 0.20920297503471375, Performance is better... saving the model
Sun, 14 May 2023 20:38:27  INFO train loss = 0.1299598664045334
Sun, 14 May 2023 20:38:33  INFO loss: 0.20676547288894653, Performance is better... saving the model
Sun, 14 May 2023 20:38:37  INFO train loss = 0.1278221607208252
Sun, 14 May 2023 20:38:42  INFO loss: 0.20456326007843018, Performance is better... saving the model
Sun, 14 May 2023 20:38:46  INFO train loss = 0.12576599419116974
Sun, 14 May 2023 20:38:52  INFO loss: 0.20207084715366364, Performance is better... saving the model
Sun, 14 May 2023 20:38:56  INFO train loss = 0.12390945106744766
Sun, 14 May 2023 20:39:02  INFO loss: 0.2002062201499939, Performance is better... saving the model
