Thu, 11 May 2023 23:23:17  INFO loadding data
Thu, 11 May 2023 23:23:17  INFO reading category information
Thu, 11 May 2023 23:23:30  INFO reading train data
Thu, 11 May 2023 23:23:38  INFO reading valid data
Thu, 11 May 2023 23:23:40  INFO reading test data
Thu, 11 May 2023 23:23:42  INFO get weight for each sample
Thu, 11 May 2023 23:23:47  INFO train loss = 0.6995192170143127
Thu, 11 May 2023 23:23:53  INFO loss: 0.6982526779174805, Performance is better... saving the model
Thu, 11 May 2023 23:23:57  INFO train loss = 0.6907451748847961
Thu, 11 May 2023 23:24:03  INFO loss: 0.6968888640403748, Performance is better... saving the model
Thu, 11 May 2023 23:24:07  INFO train loss = 0.6825391054153442
Thu, 11 May 2023 23:24:13  INFO loss: 0.6952286958694458, Performance is better... saving the model
Thu, 11 May 2023 23:24:16  INFO train loss = 0.6746112704277039
Thu, 11 May 2023 23:24:22  INFO loss: 0.6932237148284912, Performance is better... saving the model
Thu, 11 May 2023 23:24:26  INFO train loss = 0.6664028167724609
Thu, 11 May 2023 23:24:32  INFO loss: 0.6897627115249634, Performance is better... saving the model
Thu, 11 May 2023 23:24:36  INFO train loss = 0.6573458313941956
Fri, 12 May 2023 00:00:25  INFO loss: 0.6847322583198547, Performance is better... saving the model
Fri, 12 May 2023 00:00:35  INFO train loss = 0.6466976404190063
Fri, 12 May 2023 00:00:42  INFO loss: 0.6774544715881348, Performance is better... saving the model
